This is XeTeX, Version 3.14159265-2.6-0.999991 (TeX Live 2019) (preloaded format=xelatex 2020.1.28)  8 MAY 2020 00:19
entering extended mode
 restricted \write18 enabled.
 %&-line parsing enabled.
**20200501_Brinkerhoff_Advising.tex
(./20200501_Brinkerhoff_Advising.tex
LaTeX2e <2019-10-01> patch level 3
(/usr/local/texlive/2019/texmf-dist/tex/latex/base/article.cls
Document Class: article 2019/10/25 v1.4k Standard LaTeX document class
(/usr/local/texlive/2019/texmf-dist/tex/latex/base/size12.clo
File: size12.clo 2019/10/25 v1.4k Standard LaTeX file (size option)
)
\c@part=\count80
\c@section=\count81
\c@subsection=\count82
\c@subsubsection=\count83
\c@paragraph=\count84
\c@subparagraph=\count85
\c@figure=\count86
\c@table=\count87
\abovecaptionskip=\skip41
\belowcaptionskip=\skip42
\bibindent=\dimen102
)
(/usr/local/texlive/2019/texmf-dist/tex/generic/babel/babel.sty
Package: babel 2020/01/15 3.38 The Babel package

(/usr/local/texlive/2019/texmf-dist/tex/generic/babel/switch.def
File: switch.def 2020/01/15 3.38 Babel switching mechanism
)
(/usr/local/texlive/2019/texmf-dist/tex/generic/babel-german/german.ldf
Language: german 2018/12/08 v2.11 German support for babel (pre-1996 orthograph
y)

(/usr/local/texlive/2019/texmf-dist/tex/generic/babel-german/germanb.ldf
Language: germanb 2018/12/08 v2.11 German support for babel (pre-1996 orthograp
hy)

(/usr/local/texlive/2019/texmf-dist/tex/generic/babel/babel.def
File: babel.def 2020/01/15 3.38 Babel common definitions
\babel@savecnt=\count88
\U@D=\dimen103

(/usr/local/texlive/2019/texmf-dist/tex/generic/babel/xebabel.def
(/usr/local/texlive/2019/texmf-dist/tex/generic/babel/txtbabel.def))
\bbl@readstream=\read1
\bbl@dirlevel=\count89
)
Package babel Info: Making " an active character on input line 135.
))
(/usr/local/texlive/2019/texmf-dist/tex/generic/babel-english/american.ldf
Language: american 2017/06/06 v3.3r English support from the babel system

(/usr/local/texlive/2019/texmf-dist/tex/generic/babel-english/english.ldf
Language: english 2017/06/06 v3.3r English support from the babel system
Package babel Info: \l@canadian = using hyphenrules for english
(babel)             (\language0) on input line 102.
Package babel Info: \l@australian = using hyphenrules for ukenglish
(babel)             (\language21) on input line 105.
Package babel Info: \l@newzealand = using hyphenrules for ukenglish
(babel)             (\language21) on input line 108.
)))
(/usr/local/texlive/2019/texmf-dist/tex/latex/csquotes/csquotes.sty
Package: csquotes 2019-12-06 v5.2j context-sensitive quotations (JAW)

(/usr/local/texlive/2019/texmf-dist/tex/latex/etoolbox/etoolbox.sty
Package: etoolbox 2019/09/21 v2.5h e-TeX tools for LaTeX (JAW)
\etb@tempcnta=\count90
)
(/usr/local/texlive/2019/texmf-dist/tex/latex/graphics/keyval.sty
Package: keyval 2014/10/28 v1.15 key=value parser (DPC)
\KV@toks@=\toks14
)
\csq@reset=\count91
\csq@gtype=\count92
\csq@glevel=\count93
\csq@qlevel=\count94
\csq@maxlvl=\count95
\csq@tshold=\count96
\csq@ltx@everypar=\toks15

(/usr/local/texlive/2019/texmf-dist/tex/latex/csquotes/csquotes.def
File: csquotes.def 2019-12-06 v5.2j csquotes generic definitions (JAW)
)
Package csquotes Info: Trying to load configuration file 'csquotes.cfg'...
Package csquotes Info: ... configuration file loaded successfully.

(/usr/local/texlive/2019/texmf-dist/tex/latex/csquotes/csquotes.cfg
File: csquotes.cfg 
))
(/usr/local/texlive/2019/texmf-dist/tex/latex/biblatex/biblatex.sty
Package: biblatex 2019/12/01 v3.14 programmable bibliographies (PK/MW)

(/usr/local/texlive/2019/texmf-dist/tex/latex/pdftexcmds/pdftexcmds.sty
Package: pdftexcmds 2019/11/24 v0.31 Utility functions of pdfTeX for LuaTeX (HO
)

(/usr/local/texlive/2019/texmf-dist/tex/generic/infwarerr/infwarerr.sty
Package: infwarerr 2019/12/03 v1.5 Providing info/warning/error messages (HO)
)
(/usr/local/texlive/2019/texmf-dist/tex/generic/iftex/iftex.sty
Package: iftex 2019/11/07 v1.0c TeX engine tests
)
(/usr/local/texlive/2019/texmf-dist/tex/generic/ltxcmds/ltxcmds.sty
Package: ltxcmds 2019/12/15 v1.24 LaTeX kernel commands for general use (HO)
)
Package pdftexcmds Info: \pdf@primitive is available.
Package pdftexcmds Info: \pdf@ifprimitive is available.
Package pdftexcmds Info: \pdfdraftmode not found.
)
(/usr/local/texlive/2019/texmf-dist/tex/latex/kvoptions/kvoptions.sty
Package: kvoptions 2019/11/29 v3.13 Key value format for package options (HO)

(/usr/local/texlive/2019/texmf-dist/tex/generic/kvsetkeys/kvsetkeys.sty
Package: kvsetkeys 2019/12/15 v1.18 Key value parser (HO)
))
(/usr/local/texlive/2019/texmf-dist/tex/latex/logreq/logreq.sty
Package: logreq 2010/08/04 v1.0 xml request logger
\lrq@indent=\count97

(/usr/local/texlive/2019/texmf-dist/tex/latex/logreq/logreq.def
File: logreq.def 2010/08/04 v1.0 logreq spec v1.0
))
(/usr/local/texlive/2019/texmf-dist/tex/latex/base/ifthen.sty
Package: ifthen 2014/09/29 v1.1c Standard LaTeX ifthen package (DPC)
)
(/usr/local/texlive/2019/texmf-dist/tex/latex/url/url.sty
\Urlmuskip=\muskip10
Package: url 2013/09/16  ver 3.4  Verb mode for urls, etc.
)
\c@tabx@nest=\count98
\c@listtotal=\count99
\c@listcount=\count100
\c@liststart=\count101
\c@liststop=\count102
\c@citecount=\count103
\c@citetotal=\count104
\c@multicitecount=\count105
\c@multicitetotal=\count106
\c@instcount=\count107
\c@maxnames=\count108
\c@minnames=\count109
\c@maxitems=\count110
\c@minitems=\count111
\c@citecounter=\count112
\c@maxcitecounter=\count113
\c@savedcitecounter=\count114
\c@uniquelist=\count115
\c@uniquename=\count116
\c@refsection=\count117
\c@refsegment=\count118
\c@maxextratitle=\count119
\c@maxextratitleyear=\count120
\c@maxextraname=\count121
\c@maxextradate=\count122
\c@maxextraalpha=\count123
\c@abbrvpenalty=\count124
\c@highnamepenalty=\count125
\c@lownamepenalty=\count126
\c@maxparens=\count127
\c@parenlevel=\count128
\blx@tempcnta=\count129
\blx@tempcntb=\count130
\blx@tempcntc=\count131
\blx@maxsection=\count132
\blx@maxsegment@0=\count133
\blx@notetype=\count134
\blx@parenlevel@text=\count135
\blx@parenlevel@foot=\count136
\blx@sectionciteorder@0=\count137
\blx@entrysetcounter=\count138
\labelnumberwidth=\skip43
\labelalphawidth=\skip44
\biblabelsep=\skip45
\bibitemsep=\skip46
\bibnamesep=\skip47
\bibinitsep=\skip48
\bibparsep=\skip49
\bibhang=\skip50
\blx@bcfin=\read2
\blx@bcfout=\write3
\blx@langwohyphens=\language85
\c@mincomprange=\count139
\c@maxcomprange=\count140
\c@mincompwidth=\count141
Package biblatex Info: Trying to load biblatex default data model...
Package biblatex Info: ... file 'blx-dm.def' found.

(/usr/local/texlive/2019/texmf-dist/tex/latex/biblatex/blx-dm.def
File: blx-dm.def 2019/12/01 v3.14 biblatex localization (PK/MW)
)
Package biblatex Info: Trying to load biblatex citestyle data model...
Package biblatex Info: ... file 'sp-authoryear-comp.dbx' not found.
Package biblatex Info: Trying to load biblatex bibstyle data model...
Package biblatex Info: ... file 'biblatex-sp-unified.dbx' not found.
Package biblatex Info: Trying to load biblatex custom data model...
Package biblatex Info: ... file 'biblatex-dm.cfg' not found.
\c@afterword=\count142
\c@savedafterword=\count143
\c@annotator=\count144
\c@savedannotator=\count145
\c@author=\count146
\c@savedauthor=\count147
\c@bookauthor=\count148
\c@savedbookauthor=\count149
\c@commentator=\count150
\c@savedcommentator=\count151
\c@editor=\count152
\c@savededitor=\count153
\c@editora=\count154
\c@savededitora=\count155
\c@editorb=\count156
\c@savededitorb=\count157
\c@editorc=\count158
\c@savededitorc=\count159
\c@foreword=\count160
\c@savedforeword=\count161
\c@holder=\count162
\c@savedholder=\count163
\c@introduction=\count164
\c@savedintroduction=\count165
\c@namea=\count166
\c@savednamea=\count167
\c@nameb=\count168
\c@savednameb=\count169
\c@namec=\count170
\c@savednamec=\count171
\c@translator=\count172
\c@savedtranslator=\count173
\c@shortauthor=\count174
\c@savedshortauthor=\count175
\c@shorteditor=\count176
\c@savedshorteditor=\count177
\c@labelname=\count178
\c@savedlabelname=\count179
\c@institution=\count180
\c@savedinstitution=\count181
\c@lista=\count182
\c@savedlista=\count183
\c@listb=\count184
\c@savedlistb=\count185
\c@listc=\count186
\c@savedlistc=\count187
\c@listd=\count188
\c@savedlistd=\count189
\c@liste=\count190
\c@savedliste=\count191
\c@listf=\count192
\c@savedlistf=\count193
\c@location=\count194
\c@savedlocation=\count195
\c@organization=\count196
\c@savedorganization=\count197
\c@origlocation=\count198
\c@savedoriglocation=\count199
\c@origpublisher=\count266
\c@savedorigpublisher=\count267
\c@publisher=\count268
\c@savedpublisher=\count269
\c@language=\count270
\c@savedlanguage=\count271
\c@origlanguage=\count272
\c@savedoriglanguage=\count273
\c@pageref=\count274
\c@savedpageref=\count275
\shorthandwidth=\skip51
\shortjournalwidth=\skip52
\shortserieswidth=\skip53
\shorttitlewidth=\skip54
\shortauthorwidth=\skip55
\shorteditorwidth=\skip56
\locallabelnumberwidth=\skip57
\locallabelalphawidth=\skip58
\localshorthandwidth=\skip59
\localshortjournalwidth=\skip60
\localshortserieswidth=\skip61
\localshorttitlewidth=\skip62
\localshortauthorwidth=\skip63
\localshorteditorwidth=\skip64
Package biblatex Info: Trying to load enhanced support for Unicode engines...
Package biblatex Info: ... file 'blx-unicode.def' found.

(/usr/local/texlive/2019/texmf-dist/tex/latex/biblatex/blx-unicode.def)
Package biblatex Info: Trying to load compatibility code...
Package biblatex Info: ... file 'blx-compat.def' found.

(/usr/local/texlive/2019/texmf-dist/tex/latex/biblatex/blx-compat.def
File: blx-compat.def 2019/12/01 v3.14 biblatex compatibility (PK/MW)
)
Package biblatex Info: Trying to load generic definitions...
Package biblatex Info: ... file 'biblatex.def' found.

(/usr/local/texlive/2019/texmf-dist/tex/latex/biblatex/biblatex.def
File: biblatex.def 2019/12/01 v3.14 biblatex compatibility (PK/MW)
\c@textcitecount=\count276
\c@textcitetotal=\count277
\c@textcitemaxnames=\count278
\c@biburlbigbreakpenalty=\count279
\c@biburlbreakpenalty=\count280
\c@biburlnumpenalty=\count281
\c@biburlucpenalty=\count282
\c@biburllcpenalty=\count283
\biburlbigskip=\muskip11
\biburlnumskip=\muskip12
\biburlucskip=\muskip13
\biburllcskip=\muskip14
\c@smartand=\count284
)
Package biblatex Info: Trying to load natbib compatibility...
Package biblatex Info: ... file 'blx-natbib.def' found.

(/usr/local/texlive/2019/texmf-dist/tex/latex/biblatex/blx-natbib.def
File: blx-natbib.def 2019/12/01 v3.14 biblatex compatibility (PK/MW)
Package biblatex Info: Delimiter 'nameyeardelim' in context '' already defined,
 overwriting.
)
Package biblatex Info: Trying to load bibliography style 'biblatex-sp-unified'.
..
Package biblatex Info: ... file 'biblatex-sp-unified.bbx' found.

(/usr/local/texlive/texmf-local/tex/latex/biblatex/biblatex-sp-unified-master/b
bx/biblatex-sp-unified.bbx
File: biblatex-sp-unified.bbx 
Package biblatex Info: Trying to load bibliography style 'authoryear'...
Package biblatex Info: ... file 'authoryear.bbx' found.

(/usr/local/texlive/2019/texmf-dist/tex/latex/biblatex/bbx/authoryear.bbx
File: authoryear.bbx 2019/12/01 v3.14 biblatex bibliography style (PK/MW)
Package biblatex Info: Trying to load bibliography style 'standard'...
Package biblatex Info: ... file 'standard.bbx' found.

(/usr/local/texlive/2019/texmf-dist/tex/latex/biblatex/bbx/standard.bbx
File: standard.bbx 2019/12/01 v3.14 biblatex bibliography style (PK/MW)
\c@bbx:relatedcount=\count285
\c@bbx:relatedtotal=\count286
)))
Package biblatex Info: Trying to load citation style 'sp-authoryear-comp'...
Package biblatex Info: ... file 'sp-authoryear-comp.cbx' found.

(/usr/local/texlive/texmf-local/tex/latex/biblatex/biblatex-sp-unified-master/c
bx/sp-authoryear-comp.cbx
File: sp-authoryear-comp.cbx 
Package biblatex Info: Redefining '\cite'.
Package biblatex Info: Redefining '\parencite'.
Package biblatex Info: Redefining '\footcite'.
Package biblatex Info: Redefining '\footcitetext'.
Package biblatex Info: Redefining '\smartcite'.
Package biblatex Info: Redefining '\textcite'.
Package biblatex Info: Redefining '\cites'.
Package biblatex Info: Redefining '\parencites'.
Package biblatex Info: Redefining '\footcites'.
Package biblatex Info: Redefining '\footcitetexts'.
Package biblatex Info: Redefining '\smartcites'.
Package biblatex Info: Redefining '\textcites'.
Package biblatex Info: Redefining '\citeauthor'.
Package biblatex Info: Redefining '\citeyear'.
Package biblatex Info: Redefining '\citeyearpar'.
)
Package biblatex Info: Trying to load configuration file...
Package biblatex Info: ... file 'biblatex.cfg' found.

(/usr/local/texlive/2019/texmf-dist/tex/latex/biblatex/biblatex.cfg
File: biblatex.cfg 
))
(/usr/local/texlive/2019/texmf-dist/tex/latex/geometry/geometry.sty
Package: geometry 2020/01/02 v5.9 Page Geometry

(/usr/local/texlive/2019/texmf-dist/tex/generic/iftex/ifvtex.sty
Package: ifvtex 2019/10/25 v1.7 ifvtex legacy package. Use iftex instead.
)
\Gm@cnth=\count287
\Gm@cntv=\count288
\c@Gm@tempcnt=\count289
\Gm@bindingoffset=\dimen104
\Gm@wd@mp=\dimen105
\Gm@odd@mp=\dimen106
\Gm@even@mp=\dimen107
\Gm@layoutwidth=\dimen108
\Gm@layoutheight=\dimen109
\Gm@layouthoffset=\dimen110
\Gm@layoutvoffset=\dimen111
\Gm@dimlist=\toks16
)
(/usr/local/texlive/2019/texmf-dist/tex/latex/graphics/graphicx.sty
Package: graphicx 2017/06/01 v1.1a Enhanced LaTeX Graphics (DPC,SPQR)

(/usr/local/texlive/2019/texmf-dist/tex/latex/graphics/graphics.sty
Package: graphics 2019/11/01 v1.3d Standard LaTeX Graphics (DPC,SPQR)

(/usr/local/texlive/2019/texmf-dist/tex/latex/graphics/trig.sty
Package: trig 2016/01/03 v1.10 sin cos tan (DPC)
)
(/usr/local/texlive/2019/texmf-dist/tex/latex/graphics-cfg/graphics.cfg
File: graphics.cfg 2016/06/04 v1.11 sample graphics configuration
)
Package graphics Info: Driver file: xetex.def on input line 105.

(/usr/local/texlive/2019/texmf-dist/tex/latex/graphics-def/xetex.def
File: xetex.def 2017/06/24 v5.0h Graphics/color driver for xetex
))
\Gin@req@height=\dimen112
\Gin@req@width=\dimen113
)
(/usr/local/texlive/2019/texmf-dist/tex/latex/stackengine/stackengine.sty
Package: stackengine 2017/02/13 v4.01\ Stacking text and objects in convenient 
ways

(/usr/local/texlive/2019/texmf-dist/tex/generic/listofitems/listofitems.sty
(/usr/local/texlive/2019/texmf-dist/tex/generic/listofitems/listofitems.tex
Invalid UTF-8 byte or sequence at line 50 replaced by U+FFFD.
Invalid UTF-8 byte or sequence at line 50 replaced by U+FFFD.
Invalid UTF-8 byte or sequence at line 52 replaced by U+FFFD.
Invalid UTF-8 byte or sequence at line 52 replaced by U+FFFD.
Invalid UTF-8 byte or sequence at line 52 replaced by U+FFFD.
Invalid UTF-8 byte or sequence at line 96 replaced by U+FFFD.
Invalid UTF-8 byte or sequence at line 96 replaced by U+FFFD.
Invalid UTF-8 byte or sequence at line 104 replaced by U+FFFD.
Invalid UTF-8 byte or sequence at line 105 replaced by U+FFFD.
\loi_cnt_foreach_nest=\count290
Invalid UTF-8 byte or sequence at line 139 replaced by U+FFFD.
Invalid UTF-8 byte or sequence at line 146 replaced by U+FFFD.
Invalid UTF-8 byte or sequence at line 192 replaced by U+FFFD.
Invalid UTF-8 byte or sequence at line 209 replaced by U+FFFD.
Invalid UTF-8 byte or sequence at line 209 replaced by U+FFFD.
Invalid UTF-8 byte or sequence at line 222 replaced by U+FFFD.
Invalid UTF-8 byte or sequence at line 222 replaced by U+FFFD.
Invalid UTF-8 byte or sequence at line 223 replaced by U+FFFD.
Invalid UTF-8 byte or sequence at line 223 replaced by U+FFFD.
Invalid UTF-8 byte or sequence at line 224 replaced by U+FFFD.
Invalid UTF-8 byte or sequence at line 226 replaced by U+FFFD.
Invalid UTF-8 byte or sequence at line 226 replaced by U+FFFD.
Invalid UTF-8 byte or sequence at line 238 replaced by U+FFFD.
Invalid UTF-8 byte or sequence at line 243 replaced by U+FFFD.
Invalid UTF-8 byte or sequence at line 243 replaced by U+FFFD.
Invalid UTF-8 byte or sequence at line 260 replaced by U+FFFD.
Invalid UTF-8 byte or sequence at line 284 replaced by U+FFFD.
Invalid UTF-8 byte or sequence at line 310 replaced by U+FFFD.
Invalid UTF-8 byte or sequence at line 310 replaced by U+FFFD.
Invalid UTF-8 byte or sequence at line 324 replaced by U+FFFD.
Invalid UTF-8 byte or sequence at line 337 replaced by U+FFFD.
Invalid UTF-8 byte or sequence at line 337 replaced by U+FFFD.
Invalid UTF-8 byte or sequence at line 339 replaced by U+FFFD.
Invalid UTF-8 byte or sequence at line 350 replaced by U+FFFD.
Invalid UTF-8 byte or sequence at line 350 replaced by U+FFFD.
Invalid UTF-8 byte or sequence at line 350 replaced by U+FFFD.
Invalid UTF-8 byte or sequence at line 354 replaced by U+FFFD.
\loi_nestcnt=\count291
Invalid UTF-8 byte or sequence at line 367 replaced by U+FFFD.
Invalid UTF-8 byte or sequence at line 367 replaced by U+FFFD.
Invalid UTF-8 byte or sequence at line 367 replaced by U+FFFD.
Invalid UTF-8 byte or sequence at line 367 replaced by U+FFFD.
Invalid UTF-8 byte or sequence at line 375 replaced by U+FFFD.
Invalid UTF-8 byte or sequence at line 375 replaced by U+FFFD.
Invalid UTF-8 byte or sequence at line 375 replaced by U+FFFD.
Invalid UTF-8 byte or sequence at line 375 replaced by U+FFFD.
Invalid UTF-8 byte or sequence at line 377 replaced by U+FFFD.
Invalid UTF-8 byte or sequence at line 378 replaced by U+FFFD.
Invalid UTF-8 byte or sequence at line 398 replaced by U+FFFD.
Invalid UTF-8 byte or sequence at line 398 replaced by U+FFFD.
Invalid UTF-8 byte or sequence at line 399 replaced by U+FFFD.
Invalid UTF-8 byte or sequence at line 399 replaced by U+FFFD.
Invalid UTF-8 byte or sequence at line 399 replaced by U+FFFD.
Invalid UTF-8 byte or sequence at line 399 replaced by U+FFFD.
Invalid UTF-8 byte or sequence at line 399 replaced by U+FFFD.
Invalid UTF-8 byte or sequence at line 399 replaced by U+FFFD.
Invalid UTF-8 byte or sequence at line 409 replaced by U+FFFD.
Invalid UTF-8 byte or sequence at line 410 replaced by U+FFFD.
Invalid UTF-8 byte or sequence at line 410 replaced by U+FFFD.
Invalid UTF-8 byte or sequence at line 410 replaced by U+FFFD.
Invalid UTF-8 byte or sequence at line 410 replaced by U+FFFD.
Invalid UTF-8 byte or sequence at line 411 replaced by U+FFFD.
Invalid UTF-8 byte or sequence at line 411 replaced by U+FFFD.
Invalid UTF-8 byte or sequence at line 411 replaced by U+FFFD.
Invalid UTF-8 byte or sequence at line 411 replaced by U+FFFD.
Invalid UTF-8 byte or sequence at line 411 replaced by U+FFFD.
Invalid UTF-8 byte or sequence at line 411 replaced by U+FFFD.
Invalid UTF-8 byte or sequence at line 414 replaced by U+FFFD.
Invalid UTF-8 byte or sequence at line 422 replaced by U+FFFD.
Invalid UTF-8 byte or sequence at line 422 replaced by U+FFFD.
Invalid UTF-8 byte or sequence at line 426 replaced by U+FFFD.
Invalid UTF-8 byte or sequence at line 428 replaced by U+FFFD.
Invalid UTF-8 byte or sequence at line 433 replaced by U+FFFD.
Invalid UTF-8 byte or sequence at line 433 replaced by U+FFFD.
Invalid UTF-8 byte or sequence at line 441 replaced by U+FFFD.
Invalid UTF-8 byte or sequence at line 441 replaced by U+FFFD.
Invalid UTF-8 byte or sequence at line 442 replaced by U+FFFD.
Invalid UTF-8 byte or sequence at line 443 replaced by U+FFFD.
Invalid UTF-8 byte or sequence at line 443 replaced by U+FFFD.
Invalid UTF-8 byte or sequence at line 443 replaced by U+FFFD.
Invalid UTF-8 byte or sequence at line 446 replaced by U+FFFD.
Invalid UTF-8 byte or sequence at line 446 replaced by U+FFFD.
Invalid UTF-8 byte or sequence at line 446 replaced by U+FFFD.
Invalid UTF-8 byte or sequence at line 448 replaced by U+FFFD.
Invalid UTF-8 byte or sequence at line 448 replaced by U+FFFD.
Invalid UTF-8 byte or sequence at line 451 replaced by U+FFFD.
Invalid UTF-8 byte or sequence at line 455 replaced by U+FFFD.
Invalid UTF-8 byte or sequence at line 455 replaced by U+FFFD.
Invalid UTF-8 byte or sequence at line 458 replaced by U+FFFD.
Invalid UTF-8 byte or sequence at line 458 replaced by U+FFFD.
Invalid UTF-8 byte or sequence at line 472 replaced by U+FFFD.
Invalid UTF-8 byte or sequence at line 475 replaced by U+FFFD.
Invalid UTF-8 byte or sequence at line 492 replaced by U+FFFD.
Invalid UTF-8 byte or sequence at line 508 replaced by U+FFFD.
Invalid UTF-8 byte or sequence at line 508 replaced by U+FFFD.
Invalid UTF-8 byte or sequence at line 509 replaced by U+FFFD.
Invalid UTF-8 byte or sequence at line 509 replaced by U+FFFD.
Invalid UTF-8 byte or sequence at line 519 replaced by U+FFFD.
Invalid UTF-8 byte or sequence at line 541 replaced by U+FFFD.
Invalid UTF-8 byte or sequence at line 541 replaced by U+FFFD.
)
Package: listofitems 2019/08/21 v1.63 Grab items in lists using user-specified 
sep char (CT)
)
(/usr/local/texlive/2019/texmf-dist/tex/latex/tools/calc.sty
Package: calc 2017/05/25 v4.3 Infix arithmetic (KKT,FJ)
\calc@Acount=\count292
\calc@Bcount=\count293
\calc@Adimen=\dimen114
\calc@Bdimen=\dimen115
\calc@Askip=\skip65
\calc@Bskip=\skip66
LaTeX Info: Redefining \setlength on input line 80.
LaTeX Info: Redefining \addtolength on input line 81.
\calc@Ccount=\count294
\calc@Cskip=\skip67
)
\c@@stackindex=\count295
\@boxshift=\skip68
\stack@tmplength=\skip69
\temp@stkl=\skip70
\@stackedboxwidth=\skip71
\@addedbox=\box27
\@anchorbox=\box28
\stackedbox=\box29
\@centerbox=\box30
\c@ROWcellindex@=\count296
)
(/usr/local/texlive/2019/texmf-dist/tex/latex/fontspec/fontspec.sty
(/usr/local/texlive/2019/texmf-dist/tex/latex/l3packages/xparse/xparse.sty
(/usr/local/texlive/2019/texmf-dist/tex/latex/l3kernel/expl3.sty
Package: expl3 2020-01-22 L3 programming layer (loader) 

(/usr/local/texlive/2019/texmf-dist/tex/latex/l3kernel/expl3-code.tex
Package: expl3 2020-01-22 L3 programming layer (code)
\c_max_int=\count297
\l_tmpa_int=\count298
\l_tmpb_int=\count299
\g_tmpa_int=\count300
\g_tmpb_int=\count301
\l__seq_internal_a_int=\count302
\l__seq_internal_b_int=\count303
\g__kernel_prg_map_int=\count304
\c__ior_term_noprompt_ior=\count305
\c_log_iow=\count306
\l_iow_line_count_int=\count307
\l__iow_line_target_int=\count308
\l__iow_one_indent_int=\count309
\l__iow_indent_int=\count310
\c_zero_dim=\dimen116
\c_max_dim=\dimen117
\l_tmpa_dim=\dimen118
\l_tmpb_dim=\dimen119
\g_tmpa_dim=\dimen120
\g_tmpb_dim=\dimen121
\c_zero_skip=\skip72
\c_max_skip=\skip73
\l_tmpa_skip=\skip74
\l_tmpb_skip=\skip75
\g_tmpa_skip=\skip76
\g_tmpb_skip=\skip77
\c_zero_muskip=\muskip15
\c_max_muskip=\muskip16
\l_tmpa_muskip=\muskip17
\l_tmpb_muskip=\muskip18
\g_tmpa_muskip=\muskip19
\g_tmpb_muskip=\muskip20
\l_keys_choice_int=\count311
\l__intarray_loop_int=\count312
\c__intarray_sp_dim=\dimen122
\g__intarray_font_int=\count313
\c__fp_leading_shift_int=\count314
\c__fp_middle_shift_int=\count315
\c__fp_trailing_shift_int=\count316
\c__fp_big_leading_shift_int=\count317
\c__fp_big_middle_shift_int=\count318
\c__fp_big_trailing_shift_int=\count319
\c__fp_Bigg_leading_shift_int=\count320
\c__fp_Bigg_middle_shift_int=\count321
\c__fp_Bigg_trailing_shift_int=\count322
\g__fp_array_int=\count323
\l__fp_array_loop_int=\count324
\l__sort_length_int=\count325
\l__sort_min_int=\count326
\l__sort_top_int=\count327
\l__sort_max_int=\count328
\l__sort_true_max_int=\count329
\l__sort_block_int=\count330
\l__sort_begin_int=\count331
\l__sort_end_int=\count332
\l__sort_A_int=\count333
\l__sort_B_int=\count334
\l__sort_C_int=\count335
\l__str_internal_int=\count336
\l__tl_analysis_normal_int=\count337
\l__tl_analysis_index_int=\count338
\l__tl_analysis_nesting_int=\count339
\l__tl_analysis_type_int=\count340
\l__regex_internal_a_int=\count341
\l__regex_internal_b_int=\count342
\l__regex_internal_c_int=\count343
\l__regex_balance_int=\count344
\l__regex_group_level_int=\count345
\l__regex_mode_int=\count346
\c__regex_cs_in_class_mode_int=\count347
\c__regex_cs_mode_int=\count348
\l__regex_catcodes_int=\count349
\l__regex_default_catcodes_int=\count350
\c__regex_catcode_L_int=\count351
\c__regex_catcode_O_int=\count352
\c__regex_catcode_A_int=\count353
\c__regex_all_catcodes_int=\count354
\l__regex_show_lines_int=\count355
\l__regex_min_state_int=\count356
\l__regex_max_state_int=\count357
\l__regex_left_state_int=\count358
\l__regex_right_state_int=\count359
\l__regex_capturing_group_int=\count360
\l__regex_min_pos_int=\count361
\l__regex_max_pos_int=\count362
\l__regex_curr_pos_int=\count363
\l__regex_start_pos_int=\count364
\l__regex_success_pos_int=\count365
\l__regex_curr_char_int=\count366
\l__regex_curr_catcode_int=\count367
\l__regex_last_char_int=\count368
\l__regex_case_changed_char_int=\count369
\l__regex_curr_state_int=\count370
\l__regex_step_int=\count371
\l__regex_min_active_int=\count372
\l__regex_max_active_int=\count373
\l__regex_replacement_csnames_int=\count374
\l__regex_match_count_int=\count375
\l__regex_min_submatch_int=\count376
\l__regex_submatch_int=\count377
\l__regex_zeroth_submatch_int=\count378
\g__regex_trace_regex_int=\count379
\c_empty_box=\box31
\l_tmpa_box=\box32
\l_tmpb_box=\box33
\g_tmpa_box=\box34
\g_tmpb_box=\box35
\l__box_top_dim=\dimen123
\l__box_bottom_dim=\dimen124
\l__box_left_dim=\dimen125
\l__box_right_dim=\dimen126
\l__box_top_new_dim=\dimen127
\l__box_bottom_new_dim=\dimen128
\l__box_left_new_dim=\dimen129
\l__box_right_new_dim=\dimen130
\l__box_internal_box=\box36
\l__coffin_internal_box=\box37
\l__coffin_internal_dim=\dimen131
\l__coffin_offset_x_dim=\dimen132
\l__coffin_offset_y_dim=\dimen133
\l__coffin_x_dim=\dimen134
\l__coffin_y_dim=\dimen135
\l__coffin_x_prime_dim=\dimen136
\l__coffin_y_prime_dim=\dimen137
\c_empty_coffin=\box38
\l__coffin_aligned_coffin=\box39
\l__coffin_aligned_internal_coffin=\box40
\l_tmpa_coffin=\box41
\l_tmpb_coffin=\box42
\g_tmpa_coffin=\box43
\g_tmpb_coffin=\box44
\l__coffin_bounding_shift_dim=\dimen138
\l__coffin_left_corner_dim=\dimen139
\l__coffin_right_corner_dim=\dimen140
\l__coffin_bottom_corner_dim=\dimen141
\l__coffin_top_corner_dim=\dimen142
\l__coffin_scaled_total_height_dim=\dimen143
\l__coffin_scaled_width_dim=\dimen144
\c__coffin_empty_coffin=\box45
\l__coffin_display_coffin=\box46
\l__coffin_display_coord_coffin=\box47
\l__coffin_display_pole_coffin=\box48
\l__coffin_display_offset_dim=\dimen145
\l__coffin_display_x_dim=\dimen146
\l__coffin_display_y_dim=\dimen147
\g__char_data_ior=\read3

(/usr/local/texlive/2019/texmf-dist/tex/latex/l3kernel/l3deprecation.def
File: l3deprecation.def 2019-04-06 v L3 Deprecated functions
))
(/usr/local/texlive/2019/texmf-dist/tex/latex/l3backend/l3backend-xdvipdfmx.def
File: l3backend-xdvipdfmx.def 2019-04-06 L3 backend support: xdvipdfmx
\g__graphics_track_int=\count380
\l__pdf_internal_box=\box49
\g__pdf_backend_object_int=\count381
\g__pdf_backend_annotation_int=\count382
))
Package: xparse 2020-01-12 L3 Experimental document command parser
\l__xparse_current_arg_int=\count383
\g__xparse_grabber_int=\count384
\l__xparse_m_args_int=\count385
\l__xparse_v_nesting_int=\count386
)
Package: fontspec 2020/01/26 v2.7g Font selection for XeLaTeX and LuaLaTeX
 (/usr/local/texlive/2019/texmf-dist/tex/latex/fontspec/fontspec-xetex.sty
Package: fontspec-xetex 2020/01/26 v2.7g Font selection for XeLaTeX and LuaLaTe
X
\l__fontspec_script_int=\count387
\l__fontspec_language_int=\count388
\l__fontspec_strnum_int=\count389
\l__fontspec_tmp_int=\count390
\l__fontspec_tmpa_int=\count391
\l__fontspec_tmpb_int=\count392
\l__fontspec_tmpc_int=\count393
\l__fontspec_em_int=\count394
\l__fontspec_emdef_int=\count395
\l__fontspec_strong_int=\count396
\l__fontspec_strongdef_int=\count397
\l__fontspec_tmpa_dim=\dimen148
\l__fontspec_tmpb_dim=\dimen149
\l__fontspec_tmpc_dim=\dimen150

(/usr/local/texlive/2019/texmf-dist/tex/latex/base/fontenc.sty
Package: fontenc 2018/08/11 v2.0j Standard LaTeX package

(/usr/local/texlive/2019/texmf-dist/tex/latex/base/tuenc.def
File: tuenc.def 2018/08/11 v2.0j Standard LaTeX file
LaTeX Font Info:    Redeclaring font encoding TU on input line 82.
))
(/usr/local/texlive/2019/texmf-dist/tex/latex/fontspec/fontspec.cfg)
LaTeX Info: Redefining \itshape on input line 4128.
LaTeX Info: Redefining \slshape on input line 4128.
LaTeX Info: Redefining \scshape on input line 4128.
LaTeX Info: Redefining \upshape on input line 4128.
LaTeX Info: Redefining \em on input line 4128.
LaTeX Info: Redefining \emph on input line 4128.
))
(/usr/local/texlive/2019/texmf-dist/tex/latex/amsfonts/amssymb.sty
Package: amssymb 2013/01/14 v3.01 AMS font symbols

(/usr/local/texlive/2019/texmf-dist/tex/latex/amsfonts/amsfonts.sty
Package: amsfonts 2013/01/14 v3.01 Basic AMSFonts support
\@emptytoks=\toks17
\symAMSa=\mathgroup4
\symAMSb=\mathgroup5
LaTeX Font Info:    Redeclaring math symbol \hbar on input line 98.
LaTeX Font Info:    Overwriting math alphabet `\mathfrak' in version `bold'
(Font)                  U/euf/m/n --> U/euf/b/n on input line 106.
))
(/usr/local/texlive/2019/texmf-dist/tex/latex/amsmath/amsmath.sty
Package: amsmath 2019/11/16 v2.17d AMS math features
\@mathmargin=\skip78

For additional information on amsmath, use the `?' option.
(/usr/local/texlive/2019/texmf-dist/tex/latex/amsmath/amstext.sty
Package: amstext 2000/06/29 v2.01 AMS text

(/usr/local/texlive/2019/texmf-dist/tex/latex/amsmath/amsgen.sty
File: amsgen.sty 1999/11/30 v2.0 generic functions
\@emptytoks=\toks18
\ex@=\dimen151
))
(/usr/local/texlive/2019/texmf-dist/tex/latex/amsmath/amsbsy.sty
Package: amsbsy 1999/11/29 v1.2d Bold Symbols
\pmbraise@=\dimen152
)
(/usr/local/texlive/2019/texmf-dist/tex/latex/amsmath/amsopn.sty
Package: amsopn 2016/03/08 v2.02 operator names
)
\inf@bad=\count398
LaTeX Info: Redefining \frac on input line 227.
\uproot@=\count399
\leftroot@=\count400
LaTeX Info: Redefining \overline on input line 389.
\classnum@=\count401
\DOTSCASE@=\count402
LaTeX Info: Redefining \ldots on input line 486.
LaTeX Info: Redefining \dots on input line 489.
LaTeX Info: Redefining \cdots on input line 610.
\Mathstrutbox@=\box50
\strutbox@=\box51
\big@size=\dimen153
LaTeX Font Info:    Redeclaring font encoding OML on input line 733.
LaTeX Font Info:    Redeclaring font encoding OMS on input line 734.
\macc@depth=\count403
\c@MaxMatrixCols=\count404
\dotsspace@=\muskip21
\c@parentequation=\count405
\dspbrk@lvl=\count406
\tag@help=\toks19
\row@=\count407
\column@=\count408
\maxfields@=\count409
\andhelp@=\toks20
\eqnshift@=\dimen154
\alignsep@=\dimen155
\tagshift@=\dimen156
\tagwidth@=\dimen157
\totwidth@=\dimen158
\lineht@=\dimen159
\@envbody=\toks21
\multlinegap=\skip79
\multlinetaggap=\skip80
\mathdisplay@stack=\toks22
LaTeX Info: Redefining \[ on input line 2858.
LaTeX Info: Redefining \] on input line 2859.
)
(/usr/local/texlive/2019/texmf-dist/tex/latex/setspace/setspace.sty
Package: setspace 2011/12/19 v6.7a set line spacing
)
(/usr/local/texlive/2019/texmf-dist/tex/latex/tools/multicol.sty
Package: multicol 2019/03/01 v1.8w multicolumn formatting (FMi)
\c@tracingmulticols=\count410
\mult@box=\box52
\multicol@leftmargin=\dimen160
\c@unbalance=\count411
\c@collectmore=\count412
\doublecol@number=\count413
\multicoltolerance=\count414
\multicolpretolerance=\count415
\full@width=\dimen161
\page@free=\dimen162
\premulticols=\dimen163
\postmulticols=\dimen164
\multicolsep=\skip81
\multicolbaselineskip=\skip82
\partial@page=\box53
\last@line=\box54
\maxbalancingoverflow=\dimen165
\mult@rightbox=\box55
\mult@grightbox=\box56
\mult@gfirstbox=\box57
\mult@firstbox=\box58
\@tempa=\box59
\@tempa=\box60
\@tempa=\box61
\@tempa=\box62
\@tempa=\box63
\@tempa=\box64
\@tempa=\box65
\@tempa=\box66
\@tempa=\box67
\@tempa=\box68
\@tempa=\box69
\@tempa=\box70
\@tempa=\box71
\@tempa=\box72
\@tempa=\box73
\@tempa=\box74
\@tempa=\box75
\c@minrows=\count416
\c@columnbadness=\count417
\c@finalcolumnbadness=\count418
\last@try=\dimen166
\multicolovershoot=\dimen167
\multicolundershoot=\dimen168
\mult@nat@firstbox=\box76
\colbreak@box=\box77
\mc@col@check@num=\count419
)
(/usr/local/texlive/2019/texmf-dist/tex/latex/enumitem/enumitem.sty
Package: enumitem 2019/06/20 v3.9 Customized lists
\labelindent=\skip83
\enit@outerparindent=\dimen169
\enit@toks=\toks23
\enit@inbox=\box78
\enit@count@id=\count420
\enitdp@description=\count421
)
(/usr/local/texlive/2019/texmf-dist/tex/latex/multirow/multirow.sty
Package: multirow 2019/05/31 v2.5 Span multiple rows of a table
\multirow@colwidth=\skip84
\multirow@cntb=\count422
\multirow@dima=\skip85
\bigstrutjot=\dimen170
)
(/usr/local/texlive/2019/texmf-dist/tex/latex/hanging/hanging.sty
Package: hanging 2009/09/02 v1.2b hanging paragraphs and punctuation
\h@ngcommawd=\skip86
\h@ngfstopwd=\skip87
\h@ngquotewd=\skip88
\h@ngdquotewd=\skip89
\h@ngquerywd=\skip90
\h@ngexclwd=\skip91
\h@ngcolonwd=\skip92
\h@ngscolonwd=\skip93
)
(/usr/local/texlive/2019/texmf-dist/tex/latex/fancyhdr/fancyhdr.sty
Package: fancyhdr 2019/01/31 v3.10 Extensive control of page headers and footer
s
\f@nch@headwidth=\skip94
\f@nch@O@elh=\skip95
\f@nch@O@erh=\skip96
\f@nch@O@olh=\skip97
\f@nch@O@orh=\skip98
\f@nch@O@elf=\skip99
\f@nch@O@erf=\skip100
\f@nch@O@olf=\skip101
\f@nch@O@orf=\skip102
)
(/usr/local/texlive/2019/texmf-dist/tex/latex/hyperref/hyperref.sty
Package: hyperref 2020/01/14 v7.00d Hypertext links for LaTeX

(/usr/local/texlive/2019/texmf-dist/tex/generic/kvdefinekeys/kvdefinekeys.sty
Package: kvdefinekeys 2019-12-19 v1.6 Define keys (HO)
)
(/usr/local/texlive/2019/texmf-dist/tex/generic/pdfescape/pdfescape.sty
Package: pdfescape 2019/12/09 v1.15 Implements pdfTeX's escape features (HO)
)
(/usr/local/texlive/2019/texmf-dist/tex/latex/hycolor/hycolor.sty
Package: hycolor 2019/12/15 v1.9 Color options for hyperref/bookmark (HO)

(/usr/local/texlive/2019/texmf-dist/tex/latex/hycolor/xcolor-patch.sty
Package: xcolor-patch 2019/12/15 xcolor patch

(/usr/local/texlive/2019/texmf-dist/tex/latex/oberdiek/hopatch.sty
Package: hopatch 2016/05/16 v1.3 Wrapper for package hooks (HO)
)))
(/usr/local/texlive/2019/texmf-dist/tex/latex/letltxmacro/letltxmacro.sty
Package: letltxmacro 2019/12/03 v1.6 Let assignment for LaTeX macros (HO)
)
(/usr/local/texlive/2019/texmf-dist/tex/latex/auxhook/auxhook.sty
Package: auxhook 2019-12-17 v1.6 Hooks for auxiliary files (HO)
)
\@linkdim=\dimen171
\Hy@linkcounter=\count423
\Hy@pagecounter=\count424

(/usr/local/texlive/2019/texmf-dist/tex/latex/hyperref/pd1enc.def
File: pd1enc.def 2020/01/14 v7.00d Hyperref: PDFDocEncoding definition (HO)
)
(/usr/local/texlive/2019/texmf-dist/tex/generic/intcalc/intcalc.sty
Package: intcalc 2019/12/15 v1.3 Expandable calculations with integers (HO)
)
(/usr/local/texlive/2019/texmf-dist/tex/generic/etexcmds/etexcmds.sty
Package: etexcmds 2019/12/15 v1.7 Avoid name clashes with e-TeX commands (HO)
)
\Hy@SavedSpaceFactor=\count425
Package hyperref Info: Option `colorlinks' set `true' on input line 4421.
Package hyperref Info: Hyper figures OFF on input line 4547.
Package hyperref Info: Link nesting OFF on input line 4552.
Package hyperref Info: Hyper index ON on input line 4555.
Package hyperref Info: Plain pages OFF on input line 4562.
Package hyperref Info: Backreferencing OFF on input line 4567.
Package hyperref Info: Implicit mode ON; LaTeX internals redefined.
Package hyperref Info: Bookmarks ON on input line 4800.
\c@Hy@tempcnt=\count426
LaTeX Info: Redefining \url on input line 5159.
\XeTeXLinkMargin=\dimen172

(/usr/local/texlive/2019/texmf-dist/tex/generic/bitset/bitset.sty
Package: bitset 2019/12/09 v1.3 Handle bit-vector datatype (HO)

(/usr/local/texlive/2019/texmf-dist/tex/generic/bigintcalc/bigintcalc.sty
Package: bigintcalc 2019/12/15 v1.5 Expandable calculations on big integers (HO
)
))
\Fld@menulength=\count427
\Field@Width=\dimen173
\Fld@charsize=\dimen174
Package hyperref Info: Hyper figures OFF on input line 6430.
Package hyperref Info: Link nesting OFF on input line 6435.
Package hyperref Info: Hyper index ON on input line 6438.
Package hyperref Info: backreferencing OFF on input line 6445.
Package hyperref Info: Link coloring ON on input line 6448.
Package hyperref Info: Link coloring with OCG OFF on input line 6455.
Package hyperref Info: PDF/A mode OFF on input line 6460.
LaTeX Info: Redefining \ref on input line 6500.
LaTeX Info: Redefining \pageref on input line 6504.

(/usr/local/texlive/2019/texmf-dist/tex/generic/atbegshi/atbegshi.sty
Package: atbegshi 2019/12/05 v1.19 At begin shipout hook (HO)
)
\Hy@abspage=\count428
\c@Item=\count429
\c@Hfootnote=\count430
)
Package hyperref Info: Driver (autodetected): hxetex.

(/usr/local/texlive/2019/texmf-dist/tex/latex/hyperref/hxetex.def
File: hxetex.def 2020/01/14 v7.00d Hyperref driver for XeTeX

(/usr/local/texlive/2019/texmf-dist/tex/latex/hyperref/puenc.def
File: puenc.def 2020/01/14 v7.00d Hyperref: PDF Unicode definition (HO)
)
(/usr/local/texlive/2019/texmf-dist/tex/generic/stringenc/stringenc.sty
Package: stringenc 2019/11/29 v1.12 Convert strings between diff. encodings (HO
)
)
\pdfm@box=\box79
\c@Hy@AnnotLevel=\count431
\HyField@AnnotCount=\count432
\Fld@listcount=\count433
\c@bookmark@seq@number=\count434

(/usr/local/texlive/2019/texmf-dist/tex/latex/rerunfilecheck/rerunfilecheck.sty
Package: rerunfilecheck 2019/12/05 v1.9 Rerun checks for auxiliary files (HO)
(/usr/local/texlive/2019/texmf-dist/tex/latex/atveryend/atveryend.sty
Package: atveryend 2019-12-11 v1.11 Hooks at the very end of document (HO)
)
(/usr/local/texlive/2019/texmf-dist/tex/generic/uniquecounter/uniquecounter.sty
Package: uniquecounter 2019/12/15 v1.4 Provide unlimited unique counter (HO)
)
Package uniquecounter Info: New unique counter `rerunfilecheck' on input line 2
86.
)
\Hy@SectionHShift=\skip103
) (/usr/local/texlive/2019/texmf-dist/tex/generic/ulem/ulem.sty
\UL@box=\box80
\UL@hyphenbox=\box81
\UL@skip=\skip104
\UL@hook=\toks24
\UL@height=\dimen175
\UL@pe=\count435
\UL@pixel=\dimen176
\ULC@box=\box82
Package: ulem 2019/11/18
\ULdepth=\dimen177
)

Package fontspec Info: Font family 'LinuxLibertineO(0)' created for font
(fontspec)             'Linux Libertine O' with options [Ligatures=TeX].
(fontspec)              
(fontspec)              This font family consists of the following NFSS
(fontspec)             series/shapes:
(fontspec)              
(fontspec)             - 'normal' (m/n) with NFSS spec.: <->"Linux Libertine
(fontspec)             O/OT:script=latn;language=DFLT;mapping=tex-text;"
(fontspec)             - 'small caps'  (m/sc) with NFSS spec.: <->"Linux
(fontspec)             Libertine
(fontspec)             O/OT:script=latn;language=DFLT;+smcp;mapping=tex-text;"
(fontspec)             - 'bold' (bx/n) with NFSS spec.: <->"Linux Libertine
(fontspec)             O/B/OT:script=latn;language=DFLT;mapping=tex-text;"
(fontspec)             - 'bold small caps'  (bx/sc) with NFSS spec.: <->"Linux
(fontspec)             Libertine
(fontspec)             O/B/OT:script=latn;language=DFLT;+smcp;mapping=tex-text;
"
(fontspec)             - 'italic' (m/it) with NFSS spec.: <->"Linux Libertine
(fontspec)             O/I/OT:script=latn;language=DFLT;mapping=tex-text;"
(fontspec)             - 'italic small caps'  (m/scit) with NFSS spec.:
(fontspec)             <->"Linux Libertine
(fontspec)             O/I/OT:script=latn;language=DFLT;+smcp;mapping=tex-text;
"
(fontspec)             - 'bold italic' (bx/it) with NFSS spec.: <->"Linux
(fontspec)             Libertine
(fontspec)             O/BI/OT:script=latn;language=DFLT;mapping=tex-text;"
(fontspec)             - 'bold italic small caps'  (bx/scit) with NFSS spec.:
(fontspec)             <->"Linux Libertine
(fontspec)             O/BI/OT:script=latn;language=DFLT;+smcp;mapping=tex-text
;"


Package fontspec Info: Font family 'LinuxBiolinumO(0)' created for font 'Linux
(fontspec)             Biolinum O' with options [Ligatures=TeX].
(fontspec)              
(fontspec)              This font family consists of the following NFSS
(fontspec)             series/shapes:
(fontspec)              
(fontspec)             - 'normal' (m/n) with NFSS spec.: <->"Linux Biolinum
(fontspec)             O/OT:script=latn;language=DFLT;mapping=tex-text;"
(fontspec)             - 'small caps'  (m/sc) with NFSS spec.: <->"Linux
(fontspec)             Biolinum
(fontspec)             O/OT:script=latn;language=DFLT;+smcp;mapping=tex-text;"
(fontspec)             - 'bold' (bx/n) with NFSS spec.: <->"Linux Biolinum
(fontspec)             O/B/OT:script=latn;language=DFLT;mapping=tex-text;"
(fontspec)             - 'bold small caps'  (bx/sc) with NFSS spec.: <->"Linux
(fontspec)             Biolinum
(fontspec)             O/B/OT:script=latn;language=DFLT;+smcp;mapping=tex-text;
"
(fontspec)             - 'italic' (m/it) with NFSS spec.: <->"Linux Biolinum
(fontspec)             O/I/OT:script=latn;language=DFLT;mapping=tex-text;"
(fontspec)             - 'italic small caps'  (m/scit) with NFSS spec.:
(fontspec)             <->"Linux Biolinum
(fontspec)             O/I/OT:script=latn;language=DFLT;+smcp;mapping=tex-text;
"
(fontspec)             - 'bold italic' (bx/it) with NFSS spec.: <->"Linux
(fontspec)             Biolinum
(fontspec)             O/BI/OT:script=latn;language=DFLT;mapping=tex-text;"
(fontspec)             - 'bold italic small caps'  (bx/scit) with NFSS spec.:
(fontspec)             <->"Linux Biolinum
(fontspec)             O/BI/OT:script=latn;language=DFLT;+smcp;mapping=tex-text
;"


(/usr/local/texlive/texmf-local/tex/latex/local/OTtablx/OTtablx.sty
Package: OTtablx 2014/07/27 v0.4 Optimality Tableaux Formatting (Nathan Sanders
)

(/usr/local/texlive/2019/texmf-dist/tex/latex/pstricks/pstricks.sty
Package: pstricks 2018/12/21 v0.69 LaTeX wrapper for `PSTricks' (RN,HV)

(/usr/local/texlive/2019/texmf-dist/tex/latex/tools/shellesc.sty
Package: shellesc 2019/11/08 v1.0c unified shell escape interface for LaTeX
Package shellesc Info: Restricted shell escape enabled on input line 77.
)
(/usr/local/texlive/2019/texmf-dist/tex/latex/xcolor/xcolor.sty
Package: xcolor 2016/05/11 v2.12 LaTeX color extensions (UK)

(/usr/local/texlive/2019/texmf-dist/tex/latex/graphics-cfg/color.cfg
File: color.cfg 2016/01/02 v1.6 sample color configuration
)
Package xcolor Info: Driver file: xetex.def on input line 225.
Package xcolor Info: Model `cmy' substituted by `cmy0' on input line 1348.
Package xcolor Info: Model `RGB' extended on input line 1364.
Package xcolor Info: Model `HTML' substituted by `rgb' on input line 1366.
Package xcolor Info: Model `Hsb' substituted by `hsb' on input line 1367.
Package xcolor Info: Model `tHsb' substituted by `hsb' on input line 1368.
Package xcolor Info: Model `HSB' substituted by `hsb' on input line 1369.
Package xcolor Info: Model `Gray' substituted by `gray' on input line 1370.
Package xcolor Info: Model `wave' substituted by `hsb' on input line 1371.
)
(/usr/local/texlive/2019/texmf-dist/tex/generic/xkeyval/pst-xkey.tex
File: pst-xkey.tex 2005/11/25 v1.6 PSTricks specialization of xkeyval (HA)

(/usr/local/texlive/2019/texmf-dist/tex/latex/xkeyval/xkeyval.sty
Package: xkeyval 2014/12/03 v2.7a package option processing (HA)

(/usr/local/texlive/2019/texmf-dist/tex/generic/xkeyval/xkeyval.tex
(/usr/local/texlive/2019/texmf-dist/tex/generic/xkeyval/xkvutils.tex
\XKV@toks=\toks25
\XKV@tempa@toks=\toks26
)
\XKV@depth=\count436
File: xkeyval.tex 2014/12/03 v2.7a key=value parser (HA)
)))
(/usr/local/texlive/2019/texmf-dist/tex/generic/pstricks/pstricks.tex
(/usr/local/texlive/2019/texmf-dist/tex/generic/pstricks/pst-fp.tex
`pst-fp' v0.05, 2010/01/17 (hv)
\pstFP@xs=\count437
\pstFP@xia=\count438
\pstFP@xib=\count439
\pstFP@xfa=\count440
\pstFP@xfb=\count441
\pstFP@rega=\count442
\pstFP@regb=\count443
\pstFP@regs=\count444
\pstFP@times=\count445
)
(/usr/local/texlive/2019/texmf-dist/tex/generic/pgf/utilities/pgfutil-common.te
x
\pgfutil@everybye=\toks27
\pgfutil@tempdima=\dimen178
\pgfutil@tempdimb=\dimen179

(/usr/local/texlive/2019/texmf-dist/tex/generic/pgf/utilities/pgfutil-common-li
sts.tex))
(/usr/local/texlive/2019/texmf-dist/tex/generic/pgf/utilities/pgfkeys.code.tex
\pgfkeys@pathtoks=\toks28
\pgfkeys@temptoks=\toks29

(/usr/local/texlive/2019/texmf-dist/tex/generic/pgf/utilities/pgfkeysfiltered.c
ode.tex
\pgfkeys@tmptoks=\toks30
))
(/usr/local/texlive/2019/texmf-dist/tex/generic/pgf/utilities/pgffor.code.tex
Loading pgffor.code.tex
(/usr/local/texlive/2019/texmf-dist/tex/generic/pgf/math/pgfmath.code.tex
(/usr/local/texlive/2019/texmf-dist/tex/generic/pgf/math/pgfmathcalc.code.tex
(/usr/local/texlive/2019/texmf-dist/tex/generic/pgf/math/pgfmathutil.code.tex
\pgf@x=\dimen180
\pgf@xa=\dimen181
\pgf@xb=\dimen182
\pgf@xc=\dimen183
\pgf@y=\dimen184
\pgf@ya=\dimen185
\pgf@yb=\dimen186
\pgf@yc=\dimen187
\c@pgf@counta=\count446
\c@pgf@countb=\count447
\c@pgf@countc=\count448
\c@pgf@countd=\count449
\pgfutil@tempcnta=\count450
\pgfutil@tempcntb=\count451
)
(/usr/local/texlive/2019/texmf-dist/tex/generic/pgf/math/pgfmathparser.code.tex
\pgfmath@dimen=\dimen188
\pgfmath@count=\count452
\pgfmath@box=\box83
\pgfmath@toks=\toks31
\pgfmath@stack@operand=\toks32
\pgfmath@stack@operation=\toks33
)
(/usr/local/texlive/2019/texmf-dist/tex/generic/pgf/math/pgfmathfunctions.code.
tex
(/usr/local/texlive/2019/texmf-dist/tex/generic/pgf/math/pgfmathfunctions.basic
.code.tex)
(/usr/local/texlive/2019/texmf-dist/tex/generic/pgf/math/pgfmathfunctions.trigo
nometric.code.tex)
(/usr/local/texlive/2019/texmf-dist/tex/generic/pgf/math/pgfmathfunctions.rando
m.code.tex)
(/usr/local/texlive/2019/texmf-dist/tex/generic/pgf/math/pgfmathfunctions.compa
rison.code.tex)
(/usr/local/texlive/2019/texmf-dist/tex/generic/pgf/math/pgfmathfunctions.base.
code.tex)
(/usr/local/texlive/2019/texmf-dist/tex/generic/pgf/math/pgfmathfunctions.round
.code.tex)
(/usr/local/texlive/2019/texmf-dist/tex/generic/pgf/math/pgfmathfunctions.misc.
code.tex)
(/usr/local/texlive/2019/texmf-dist/tex/generic/pgf/math/pgfmathfunctions.integ
erarithmetics.code.tex)))
(/usr/local/texlive/2019/texmf-dist/tex/generic/pgf/math/pgfmathfloat.code.tex
\c@pgfmathroundto@lastzeros=\count453
))
\pgffor@iter=\dimen189
\pgffor@skip=\dimen190
\pgffor@stack=\toks34
\pgffor@toks=\toks35
)
\psLoopIndex=\count454

`PSTricks' v2.97  <2019/05/11> (tvz,hv)
\pst@dima=\dimen191
\pst@dimb=\dimen192
\pst@dimc=\dimen193
\pst@dimd=\dimen194
\pst@dimg=\dimen195
\pst@dimh=\dimen196
\pst@dimm=\dimen197
\pst@dimn=\dimen198
\pst@dimo=\dimen199
\pst@dimp=\dimen256
\pst@hbox=\box84
\pst@ibox=\box85
\pst@boxg=\box86
\pst@cnta=\count455
\pst@cntb=\count456
\pst@cntc=\count457
\pst@cntd=\count458
\pst@cntg=\count459
\pst@cnth=\count460
\pst@cntm=\count461
\pst@cntn=\count462
\pst@cnto=\count463
\pst@cntp=\count464
\@zero=\count465
\pst@toks=\toks36
(/usr/local/texlive/2019/texmf-dist/tex/xelatex/xetex-pstricks/pstricks.con
(/usr/local/texlive/2019/texmf-dist/tex/generic/pstricks/config/xdvipdfmx.cfg))
\psunit=\dimen257
\psxunit=\dimen258
\psyunit=\dimen259
\pst@C@@rType=\count466
\pslinewidth=\dimen260
\psk@startLW=\dimen261
\psk@endLW=\dimen262
\pst@customdefs=\toks37
\pslinearc=\dimen263
\pst@symbolStep=\dimen264
\pst@symbolWidth=\dimen265
\pst@symbolLinewidth=\dimen266
\everypsbox=\toks38
\psframesep=\dimen267
\pslabelsep=\dimen268
\sh@wgridXunit=\dimen269
\sh@wgridYunit=\dimen270
\pst@shift=\dimen271
(/usr/local/texlive/2019/texmf-dist/tex/xelatex/xetex-pstricks/pstricks.con
(/usr/local/texlive/2019/texmf-dist/tex/generic/pstricks/config/xdvipdfmx.cfg
Using PSTricks configuration for XeTeX+xdvipdfmx
)))
File: pstricks.tex 2019/05/11 v2.97 `PSTricks' (tvz,hv)
 (/usr/local/texlive/2019/texmf-dist/tex/generic/pstricks/pst-fp.tex)
File: pst-fp.tex 2019/05/11 v2.97 `PST-fp' (hv)

>>> Loading XeTeX special macros
(/usr/local/texlive/2019/texmf-dist/tex/generic/pstricks/pstricks-xetex.def))
(/usr/local/texlive/2019/texmf-dist/tex/latex/pst-node/pst-node.sty
Package: pst-node 2012/09/18 v1.01 LaTeX wrapper for `pst-node' (HV)
Package: pst-node 2010/04/22 package wrapper for pst-node.tex

(/usr/local/texlive/2019/texmf-dist/tex/generic/pst-node/pst-node.tex
 v1.42, 2019/03/03
\psrow=\count467
\pscol=\count468
\psmatrixcnt=\count469
\psrowsep=\skip105
\pscolsep=\skip106
\pst@args=\count470
\num@pts=\count471
\pst@argcnt=\count472
)
File: pst-node.tex 2019/03/03 1.42 `pst-node' (tvz,hv)
)
(/usr/local/texlive/2019/texmf-dist/tex/latex/pst-coil/pst-coil.sty
Package: pst-coil 2010/02/01 package wrapper for pst-coil.tex (hv)

(/usr/local/texlive/2019/texmf-dist/tex/generic/pst-coil/pst-coil.tex
 v1.42, 2019/03/03
(/usr/local/texlive/2019/texmf-dist/tex/generic/pst-node/pst-node.tex))
File: pst-coil.tex 2015/05/13 v1.07 `PST-coil' (tvz,hv)
)
(/usr/local/texlive/2019/texmf-dist/tex/latex/psnfss/pifont.sty
Package: pifont 2005/04/12 PSNFSS-v9.2a Pi font support (SPQR) 
LaTeX Font Info:    Trying to load font information for U+pzd on input line 63.


(/usr/local/texlive/2019/texmf-dist/tex/latex/psnfss/upzd.fd
File: upzd.fd 2001/06/04 font definitions for U/pzd.
)
LaTeX Font Info:    Trying to load font information for U+psy on input line 64.


(/usr/local/texlive/2019/texmf-dist/tex/latex/psnfss/upsy.fd
File: upsy.fd 2001/06/04 font definitions for U/psy.
))
(/usr/local/texlive/2019/texmf-dist/tex/latex/wasysym/wasysym.sty
Package: wasysym 2020/01/19 v2.4 Wasy-2 symbol support package
\symwasy=\mathgroup6
LaTeX Font Info:    Overwriting symbol font `wasy' in version `bold'
(Font)                  U/wasy/m/n --> U/wasy/b/n on input line 93.
)
(/usr/local/texlive/2019/texmf-dist/tex/generic/iftex/ifxetex.sty
Package: ifxetex 2019/10/25 v0.7 ifxetex legacy package. Use iftex instead.
)

Package fontspec Info: Could not resolve font "Doulos SIL/BI" (it probably
(fontspec)             doesn't exist).


Package fontspec Info: Could not resolve font "Doulos SIL/B" (it probably
(fontspec)             doesn't exist).


Package fontspec Info: Could not resolve font "Doulos SIL/I" (it probably
(fontspec)             doesn't exist).


Package fontspec Info: Font family 'DoulosSIL(0)' created for font 'Doulos
(fontspec)             SIL' with options [].
(fontspec)              
(fontspec)              This font family consists of the following NFSS
(fontspec)             series/shapes:
(fontspec)              
(fontspec)             - 'normal' (m/n) with NFSS spec.: <->"Doulos
(fontspec)             SIL/OT:script=latn;language=DFLT;"
(fontspec)             - 'small caps'  (m/sc) with NFSS spec.: <->"Doulos
(fontspec)             SIL/OT:script=latn;language=DFLT;+smcp;"

\OTx@normal@lw=\skip107
\OTx@border@lw=\skip108
\OTx@double@lw=\skip109
\OTx@dblmid@lw=\skip110
\OTx@rowsep@lw=\skip111
\OTx@cmpsep@lw=\skip112
\OTx@solids@lw=\skip113
\OTx@dashes@lw=\skip114
\OTx@jagged@lw=\skip115
\OTx@jagmid@lw=\skip116
\OTx@winsep@lw=\skip117
\OTx@dashes@dsh=\skip118
\OTx@dashes@spc=\skip119
\c@OTx@candidate=\count473
\c@OTx@xx=\count474
\c@OTx@specialcols=\count475
\c@OTx@constraints=\count476
)
(/usr/local/texlive/2019/texmf-dist/tex/latex/linguex/linguex.sty
Package: linguex 2013/05/28 Example formatting for linguistics v. 4.3

(/usr/local/texlive/2019/texmf-dist/tex/latex/tools/xspace.sty
Package: xspace 2014/10/28 v1.13 Space after command names (DPC,MH)
)
(/usr/local/texlive/2019/texmf-dist/tex/latex/gb4e/cgloss4e.sty
\lineone=\box87
\linetwo=\box88
\linethree=\box89
\wordone=\box90
\wordtwo=\box91
\wordthree=\box92
\gline=\box93
\glossglue=\skip120
)
\c@ExNo=\count477
\c@SubExNo=\count478
\c@SubSubExNo=\count479
\c@FnExNo=\count480
\c@ABC=\count481
\currentlabel=\skip121
\lessthanten=\skip122
\lessthanhundred=\skip123
\lessthanthousand=\skip124
\@Exleftmargin=\skip125
\Exlabelwidth=\skip126
\Extopsep=\skip127
\Exindent=\skip128
\SubExleftmargin=\skip129
\SubSubExleftmargin=\skip130
\Exlabelsep=\skip131
\alignSubExnegindent=\skip132
\Exredux=\skip133
\digitwidth=\skip134
\mindigitwidth=\skip135
\c@ExDepth=\count482
\c@TempExDepth=\count483
\CollectTokens=\toks39
LaTeX Info: Redefining \b on input line 307.
LaTeX Info: Redefining \c on input line 311.
LaTeX Info: Redefining \d on input line 313.
\c@tmpaEx=\count484
)
(/usr/local/texlive/2019/texmf-dist/tex/latex/pgf/frontendlayer/tikz.sty
(/usr/local/texlive/2019/texmf-dist/tex/latex/pgf/basiclayer/pgf.sty
(/usr/local/texlive/2019/texmf-dist/tex/latex/pgf/utilities/pgfrcs.sty
(/usr/local/texlive/2019/texmf-dist/tex/generic/pgf/utilities/pgfutil-common.te
x
\pgfutil@everybye=\toks40
\pgfutil@tempdima=\dimen272
\pgfutil@tempdimb=\dimen273

(/usr/local/texlive/2019/texmf-dist/tex/generic/pgf/utilities/pgfutil-common-li
sts.tex))
(/usr/local/texlive/2019/texmf-dist/tex/generic/pgf/utilities/pgfutil-latex.def
\pgfutil@abb=\box94
(/usr/local/texlive/2019/texmf-dist/tex/latex/ms/everyshi.sty
Package: everyshi 2001/05/15 v3.00 EveryShipout Package (MS)
))
(/usr/local/texlive/2019/texmf-dist/tex/generic/pgf/utilities/pgfrcs.code.tex
(/usr/local/texlive/2019/texmf-dist/tex/generic/pgf/pgf.revision.tex)
Package: pgfrcs 2020/01/08 v3.1.5b (3.1.5b)
))
Package: pgf 2020/01/08 v3.1.5b (3.1.5b)

(/usr/local/texlive/2019/texmf-dist/tex/latex/pgf/basiclayer/pgfcore.sty
(/usr/local/texlive/2019/texmf-dist/tex/latex/pgf/systemlayer/pgfsys.sty
(/usr/local/texlive/2019/texmf-dist/tex/generic/pgf/systemlayer/pgfsys.code.tex
Package: pgfsys 2020/01/08 v3.1.5b (3.1.5b)
(/usr/local/texlive/2019/texmf-dist/tex/generic/pgf/utilities/pgfkeys.code.tex)
\pgf@x=\dimen274
\pgf@y=\dimen275
\pgf@xa=\dimen276
\pgf@ya=\dimen277
\pgf@xb=\dimen278
\pgf@yb=\dimen279
\pgf@xc=\dimen280
\pgf@yc=\dimen281
\pgf@xd=\dimen282
\pgf@yd=\dimen283
\w@pgf@writea=\write4
\r@pgf@reada=\read4
\c@pgf@counta=\count485
\c@pgf@countb=\count486
\c@pgf@countc=\count487
\c@pgf@countd=\count488
\t@pgf@toka=\toks41
\t@pgf@tokb=\toks42
\t@pgf@tokc=\toks43
\pgf@sys@id@count=\count489
(/usr/local/texlive/2019/texmf-dist/tex/generic/pgf/systemlayer/pgf.cfg
File: pgf.cfg 2020/01/08 v3.1.5b (3.1.5b)
)
Driver file for pgf: pgfsys-xetex.def

(/usr/local/texlive/2019/texmf-dist/tex/generic/pgf/systemlayer/pgfsys-xetex.de
f
File: pgfsys-xetex.def 2020/01/08 v3.1.5b (3.1.5b)

(/usr/local/texlive/2019/texmf-dist/tex/generic/pgf/systemlayer/pgfsys-dvipdfmx
.def
File: pgfsys-dvipdfmx.def 2020/01/08 v3.1.5b (3.1.5b)

(/usr/local/texlive/2019/texmf-dist/tex/generic/pgf/systemlayer/pgfsys-common-p
df.def
File: pgfsys-common-pdf.def 2020/01/08 v3.1.5b (3.1.5b)
)
\pgfsys@objnum=\count490
)))
(/usr/local/texlive/2019/texmf-dist/tex/generic/pgf/systemlayer/pgfsyssoftpath.
code.tex
File: pgfsyssoftpath.code.tex 2020/01/08 v3.1.5b (3.1.5b)
\pgfsyssoftpath@smallbuffer@items=\count491
\pgfsyssoftpath@bigbuffer@items=\count492
)
(/usr/local/texlive/2019/texmf-dist/tex/generic/pgf/systemlayer/pgfsysprotocol.
code.tex
File: pgfsysprotocol.code.tex 2020/01/08 v3.1.5b (3.1.5b)
))
(/usr/local/texlive/2019/texmf-dist/tex/generic/pgf/basiclayer/pgfcore.code.tex
Package: pgfcore 2020/01/08 v3.1.5b (3.1.5b)
(/usr/local/texlive/2019/texmf-dist/tex/generic/pgf/math/pgfmath.code.tex)
(/usr/local/texlive/2019/texmf-dist/tex/generic/pgf/math/pgfint.code.tex)
(/usr/local/texlive/2019/texmf-dist/tex/generic/pgf/basiclayer/pgfcorepoints.co
de.tex
File: pgfcorepoints.code.tex 2020/01/08 v3.1.5b (3.1.5b)
\pgf@picminx=\dimen284
\pgf@picmaxx=\dimen285
\pgf@picminy=\dimen286
\pgf@picmaxy=\dimen287
\pgf@pathminx=\dimen288
\pgf@pathmaxx=\dimen289
\pgf@pathminy=\dimen290
\pgf@pathmaxy=\dimen291
\pgf@xx=\dimen292
\pgf@xy=\dimen293
\pgf@yx=\dimen294
\pgf@yy=\dimen295
\pgf@zx=\dimen296
\pgf@zy=\dimen297
)
(/usr/local/texlive/2019/texmf-dist/tex/generic/pgf/basiclayer/pgfcorepathconst
ruct.code.tex
File: pgfcorepathconstruct.code.tex 2020/01/08 v3.1.5b (3.1.5b)
\pgf@path@lastx=\dimen298
\pgf@path@lasty=\dimen299
)
(/usr/local/texlive/2019/texmf-dist/tex/generic/pgf/basiclayer/pgfcorepathusage
.code.tex
File: pgfcorepathusage.code.tex 2020/01/08 v3.1.5b (3.1.5b)
\pgf@shorten@end@additional=\dimen300
\pgf@shorten@start@additional=\dimen301
)
(/usr/local/texlive/2019/texmf-dist/tex/generic/pgf/basiclayer/pgfcorescopes.co
de.tex
File: pgfcorescopes.code.tex 2020/01/08 v3.1.5b (3.1.5b)
\pgfpic=\box95
\pgf@hbox=\box96
\pgf@layerbox@main=\box97
\pgf@picture@serial@count=\count493
)
(/usr/local/texlive/2019/texmf-dist/tex/generic/pgf/basiclayer/pgfcoregraphicst
ate.code.tex
File: pgfcoregraphicstate.code.tex 2020/01/08 v3.1.5b (3.1.5b)
\pgflinewidth=\dimen302
)
(/usr/local/texlive/2019/texmf-dist/tex/generic/pgf/basiclayer/pgfcoretransform
ations.code.tex
File: pgfcoretransformations.code.tex 2020/01/08 v3.1.5b (3.1.5b)
\pgf@pt@x=\dimen303
\pgf@pt@y=\dimen304
\pgf@pt@temp=\dimen305
)
(/usr/local/texlive/2019/texmf-dist/tex/generic/pgf/basiclayer/pgfcorequick.cod
e.tex
File: pgfcorequick.code.tex 2020/01/08 v3.1.5b (3.1.5b)
)
(/usr/local/texlive/2019/texmf-dist/tex/generic/pgf/basiclayer/pgfcoreobjects.c
ode.tex
File: pgfcoreobjects.code.tex 2020/01/08 v3.1.5b (3.1.5b)
)
(/usr/local/texlive/2019/texmf-dist/tex/generic/pgf/basiclayer/pgfcorepathproce
ssing.code.tex
File: pgfcorepathprocessing.code.tex 2020/01/08 v3.1.5b (3.1.5b)
)
(/usr/local/texlive/2019/texmf-dist/tex/generic/pgf/basiclayer/pgfcorearrows.co
de.tex
File: pgfcorearrows.code.tex 2020/01/08 v3.1.5b (3.1.5b)
\pgfarrowsep=\dimen306
)
(/usr/local/texlive/2019/texmf-dist/tex/generic/pgf/basiclayer/pgfcoreshade.cod
e.tex
File: pgfcoreshade.code.tex 2020/01/08 v3.1.5b (3.1.5b)
\pgf@max=\dimen307
\pgf@sys@shading@range@num=\count494
\pgf@shadingcount=\count495
)
(/usr/local/texlive/2019/texmf-dist/tex/generic/pgf/basiclayer/pgfcoreimage.cod
e.tex
File: pgfcoreimage.code.tex 2020/01/08 v3.1.5b (3.1.5b)

(/usr/local/texlive/2019/texmf-dist/tex/generic/pgf/basiclayer/pgfcoreexternal.
code.tex
File: pgfcoreexternal.code.tex 2020/01/08 v3.1.5b (3.1.5b)
\pgfexternal@startupbox=\box98
))
(/usr/local/texlive/2019/texmf-dist/tex/generic/pgf/basiclayer/pgfcorelayers.co
de.tex
File: pgfcorelayers.code.tex 2020/01/08 v3.1.5b (3.1.5b)
)
(/usr/local/texlive/2019/texmf-dist/tex/generic/pgf/basiclayer/pgfcoretranspare
ncy.code.tex
File: pgfcoretransparency.code.tex 2020/01/08 v3.1.5b (3.1.5b)
)
(/usr/local/texlive/2019/texmf-dist/tex/generic/pgf/basiclayer/pgfcorepatterns.
code.tex
File: pgfcorepatterns.code.tex 2020/01/08 v3.1.5b (3.1.5b)
)
(/usr/local/texlive/2019/texmf-dist/tex/generic/pgf/basiclayer/pgfcorerdf.code.
tex
File: pgfcorerdf.code.tex 2020/01/08 v3.1.5b (3.1.5b)
)))
(/usr/local/texlive/2019/texmf-dist/tex/generic/pgf/modules/pgfmoduleshapes.cod
e.tex
File: pgfmoduleshapes.code.tex 2020/01/08 v3.1.5b (3.1.5b)
\pgfnodeparttextbox=\box99
)
(/usr/local/texlive/2019/texmf-dist/tex/generic/pgf/modules/pgfmoduleplot.code.
tex
File: pgfmoduleplot.code.tex 2020/01/08 v3.1.5b (3.1.5b)
)
(/usr/local/texlive/2019/texmf-dist/tex/latex/pgf/compatibility/pgfcomp-version
-0-65.sty
Package: pgfcomp-version-0-65 2020/01/08 v3.1.5b (3.1.5b)
\pgf@nodesepstart=\dimen308
\pgf@nodesepend=\dimen309
)
(/usr/local/texlive/2019/texmf-dist/tex/latex/pgf/compatibility/pgfcomp-version
-1-18.sty
Package: pgfcomp-version-1-18 2020/01/08 v3.1.5b (3.1.5b)
))
(/usr/local/texlive/2019/texmf-dist/tex/latex/pgf/utilities/pgffor.sty
(/usr/local/texlive/2019/texmf-dist/tex/latex/pgf/utilities/pgfkeys.sty
(/usr/local/texlive/2019/texmf-dist/tex/generic/pgf/utilities/pgfkeys.code.tex)
) (/usr/local/texlive/2019/texmf-dist/tex/latex/pgf/math/pgfmath.sty
(/usr/local/texlive/2019/texmf-dist/tex/generic/pgf/math/pgfmath.code.tex))
(/usr/local/texlive/2019/texmf-dist/tex/generic/pgf/utilities/pgffor.code.tex
Package: pgffor 2020/01/08 v3.1.5b (3.1.5b)

(/usr/local/texlive/2019/texmf-dist/tex/generic/pgf/math/pgfmath.code.tex)
\pgffor@iter=\dimen310
\pgffor@skip=\dimen311
\pgffor@stack=\toks44
\pgffor@toks=\toks45
))
(/usr/local/texlive/2019/texmf-dist/tex/generic/pgf/frontendlayer/tikz/tikz.cod
e.tex
Package: tikz 2020/01/08 v3.1.5b (3.1.5b)

(/usr/local/texlive/2019/texmf-dist/tex/generic/pgf/libraries/pgflibraryplothan
dlers.code.tex
File: pgflibraryplothandlers.code.tex 2020/01/08 v3.1.5b (3.1.5b)
\pgf@plot@mark@count=\count496
\pgfplotmarksize=\dimen312
)
\tikz@lastx=\dimen313
\tikz@lasty=\dimen314
\tikz@lastxsaved=\dimen315
\tikz@lastysaved=\dimen316
\tikz@lastmovetox=\dimen317
\tikz@lastmovetoy=\dimen318
\tikzleveldistance=\dimen319
\tikzsiblingdistance=\dimen320
\tikz@figbox=\box100
\tikz@figbox@bg=\box101
\tikz@tempbox=\box102
\tikz@tempbox@bg=\box103
\tikztreelevel=\count497
\tikznumberofchildren=\count498
\tikznumberofcurrentchild=\count499
\tikz@fig@count=\count500

(/usr/local/texlive/2019/texmf-dist/tex/generic/pgf/modules/pgfmodulematrix.cod
e.tex
File: pgfmodulematrix.code.tex 2020/01/08 v3.1.5b (3.1.5b)
\pgfmatrixcurrentrow=\count501
\pgfmatrixcurrentcolumn=\count502
\pgf@matrix@numberofcolumns=\count503
)
\tikz@expandcount=\count504

(/usr/local/texlive/2019/texmf-dist/tex/generic/pgf/frontendlayer/tikz/librarie
s/tikzlibrarytopaths.code.tex
File: tikzlibrarytopaths.code.tex 2020/01/08 v3.1.5b (3.1.5b)
)))
(/usr/local/texlive/2019/texmf-dist/tex/latex/pst-jtree/pst-jtree.sty
Package: pst-jtree 2011/01/04 package wrapper for pst-jtree.tex

(/usr/local/texlive/2019/texmf-dist/tex/generic/pst-jtree/pst-jtree.tex
`PST-jTree' v2.6  <2011/01/04> (jf)
\@xpos=\dimen321
\@ypos=\dimen322
\@@xpos=\dimen323
\@@ypos=\dimen324
\max@left=\dimen325
\max@right=\dimen326
\max@down=\dimen327
\jt@dima=\dimen328
\jt@dimb=\dimen329
\jt@dimc=\dimen330
\jt@dimd=\dimen331
\jt@dime=\dimen332
\tree@box=\box104
\@nodebox=\box105
\jtEverytree=\toks46
\jteverytree=\toks47
\jteverylabel=\toks48
\@CurrState=\count505
))
Package csquotes Info: Checking for multilingual support...
Package csquotes Info: ... found 'babel' package.
Package csquotes Info: Adjusting default style.
Package csquotes Info: Redefining alias 'default' -> 'american'.
 (./20200501_Brinkerhoff_Advising.aux)
\openout1 = `20200501_Brinkerhoff_Advising.aux'.

LaTeX Font Info:    Checking defaults for OML/cmm/m/it on input line 70.
LaTeX Font Info:    ... okay on input line 70.
LaTeX Font Info:    Checking defaults for T1/cmr/m/n on input line 70.
LaTeX Font Info:    ... okay on input line 70.
LaTeX Font Info:    Checking defaults for OT1/cmr/m/n on input line 70.
LaTeX Font Info:    ... okay on input line 70.
LaTeX Font Info:    Checking defaults for OMS/cmsy/m/n on input line 70.
LaTeX Font Info:    ... okay on input line 70.
LaTeX Font Info:    Checking defaults for TU/lmr/m/n on input line 70.
LaTeX Font Info:    ... okay on input line 70.
LaTeX Font Info:    Checking defaults for OMX/cmex/m/n on input line 70.
LaTeX Font Info:    ... okay on input line 70.
LaTeX Font Info:    Checking defaults for U/cmr/m/n on input line 70.
LaTeX Font Info:    ... okay on input line 70.
LaTeX Font Info:    Checking defaults for PD1/pdf/m/n on input line 70.
LaTeX Font Info:    ... okay on input line 70.
LaTeX Font Info:    Checking defaults for PU/pdf/m/n on input line 70.
LaTeX Font Info:    ... okay on input line 70.
Package biblatex Info: Trying to load language 'american'...
Package biblatex Info: ... file 'american.lbx' found.

(/usr/local/texlive/2019/texmf-dist/tex/latex/biblatex/lbx/american.lbx
File: american.lbx 2019/12/01 v3.14 biblatex localization (PK/MW)
Package biblatex Info: Trying to load language 'english'...
Package biblatex Info: ... file 'english.lbx' found.

(/usr/local/texlive/2019/texmf-dist/tex/latex/biblatex/lbx/english.lbx
File: english.lbx 2019/12/01 v3.14 biblatex localization (PK/MW)
)
Package biblatex Info: Trying to load language 'english'...
Package biblatex Info: ... file 'english.lbx' found.

(/usr/local/texlive/2019/texmf-dist/tex/latex/biblatex/lbx/english.lbx
File: english.lbx 2019/12/01 v3.14 biblatex localization (PK/MW)
))
Package biblatex Info: Trying to load language 'german'...
Package biblatex Info: ... file 'german.lbx' found.

(/usr/local/texlive/2019/texmf-dist/tex/latex/biblatex/lbx/german.lbx
File: german.lbx 2019/12/01 v3.14 biblatex localization (PK/MW)
)
Package biblatex Info: XeTeX detected.
(biblatex)             Assuming input encoding 'utf8'.
Package biblatex Info: Automatic encoding selection.
(biblatex)             Assuming data encoding 'utf8'.
\openout3 = `20200501_Brinkerhoff_Advising.bcf'.

Package biblatex Info: Trying to load bibliographic data...
Package biblatex Info: ... file '20200501_Brinkerhoff_Advising.bbl' found.

(./20200501_Brinkerhoff_Advising.bbl)
Package biblatex Info: Reference section=0 on input line 70.
Package biblatex Info: Reference segment=0 on input line 70.

*geometry* driver: auto-detecting
*geometry* detected driver: xetex
*geometry* verbose mode - [ preamble ] result:
* driver: xetex
* paper: letterpaper
* layout: <same size as paper>
* layoutoffset:(h,v)=(0.0pt,0.0pt)
* modes: 
* h-part:(L,W,R)=(72.26999pt, 469.75502pt, 72.26999pt)
* v-part:(T,H,B)=(72.26999pt, 650.43001pt, 72.26999pt)
* \paperwidth=614.295pt
* \paperheight=794.96999pt
* \textwidth=469.75502pt
* \textheight=650.43001pt
* \oddsidemargin=0.0pt
* \evensidemargin=0.0pt
* \topmargin=-37.0pt
* \headheight=12.0pt
* \headsep=25.0pt
* \topskip=12.0pt
* \footskip=30.0pt
* \marginparwidth=44.0pt
* \marginparsep=10.0pt
* \columnsep=10.0pt
* \skip\footins=10.8pt plus 4.0pt minus 2.0pt
* \hoffset=0.0pt
* \voffset=0.0pt
* \mag=1000
* \@twocolumnfalse
* \@twosidefalse
* \@mparswitchfalse
* \@reversemarginfalse
* (1in=72.27pt=25.4mm, 1cm=28.453pt)


Package fontspec Info: Adjusting the maths setup (use [no-math] to avoid
(fontspec)             this).

\symlegacymaths=\mathgroup7
LaTeX Font Info:    Overwriting symbol font `legacymaths' in version `bold'
(Font)                  OT1/cmr/m/n --> OT1/cmr/bx/n on input line 70.
LaTeX Font Info:    Redeclaring math accent \acute on input line 70.
LaTeX Font Info:    Redeclaring math accent \grave on input line 70.
LaTeX Font Info:    Redeclaring math accent \ddot on input line 70.
LaTeX Font Info:    Redeclaring math accent \tilde on input line 70.
LaTeX Font Info:    Redeclaring math accent \bar on input line 70.
LaTeX Font Info:    Redeclaring math accent \breve on input line 70.
LaTeX Font Info:    Redeclaring math accent \check on input line 70.
LaTeX Font Info:    Redeclaring math accent \hat on input line 70.
LaTeX Font Info:    Redeclaring math accent \dot on input line 70.
LaTeX Font Info:    Redeclaring math accent \mathring on input line 70.
LaTeX Font Info:    Redeclaring math symbol \Gamma on input line 70.
LaTeX Font Info:    Redeclaring math symbol \Delta on input line 70.
LaTeX Font Info:    Redeclaring math symbol \Theta on input line 70.
LaTeX Font Info:    Redeclaring math symbol \Lambda on input line 70.
LaTeX Font Info:    Redeclaring math symbol \Xi on input line 70.
LaTeX Font Info:    Redeclaring math symbol \Pi on input line 70.
LaTeX Font Info:    Redeclaring math symbol \Sigma on input line 70.
LaTeX Font Info:    Redeclaring math symbol \Upsilon on input line 70.
LaTeX Font Info:    Redeclaring math symbol \Phi on input line 70.
LaTeX Font Info:    Redeclaring math symbol \Psi on input line 70.
LaTeX Font Info:    Redeclaring math symbol \Omega on input line 70.
LaTeX Font Info:    Redeclaring math symbol \mathdollar on input line 70.
LaTeX Font Info:    Redeclaring symbol font `operators' on input line 70.
LaTeX Font Info:    Encoding `OT1' has changed to `TU' for symbol font
(Font)              `operators' in the math version `normal' on input line 70.
LaTeX Font Info:    Overwriting symbol font `operators' in version `normal'
(Font)                  OT1/cmr/m/n --> TU/LinuxLibertineO(0)/m/n on input line
 70.
LaTeX Font Info:    Encoding `OT1' has changed to `TU' for symbol font
(Font)              `operators' in the math version `bold' on input line 70.
LaTeX Font Info:    Overwriting symbol font `operators' in version `bold'
(Font)                  OT1/cmr/bx/n --> TU/LinuxLibertineO(0)/m/n on input lin
e 70.
LaTeX Font Info:    Overwriting symbol font `operators' in version `normal'
(Font)                  TU/LinuxLibertineO(0)/m/n --> TU/LinuxLibertineO(0)/m/n
 on input line 70.
LaTeX Font Info:    Overwriting math alphabet `\mathit' in version `normal'
(Font)                  OT1/cmr/m/it --> TU/LinuxLibertineO(0)/m/it on input li
ne 70.
LaTeX Font Info:    Overwriting math alphabet `\mathbf' in version `normal'
(Font)                  OT1/cmr/bx/n --> TU/LinuxLibertineO(0)/bx/n on input li
ne 70.
LaTeX Font Info:    Overwriting math alphabet `\mathsf' in version `normal'
(Font)                  OT1/cmss/m/n --> TU/LinuxBiolinumO(0)/m/n on input line
 70.
LaTeX Font Info:    Overwriting math alphabet `\mathtt' in version `normal'
(Font)                  OT1/cmtt/m/n --> TU/lmtt/m/n on input line 70.
LaTeX Font Info:    Overwriting symbol font `operators' in version `bold'
(Font)                  TU/LinuxLibertineO(0)/m/n --> TU/LinuxLibertineO(0)/bx/
n on input line 70.
LaTeX Font Info:    Overwriting math alphabet `\mathit' in version `bold'
(Font)                  OT1/cmr/bx/it --> TU/LinuxLibertineO(0)/bx/it on input 
line 70.
LaTeX Font Info:    Overwriting math alphabet `\mathsf' in version `bold'
(Font)                  OT1/cmss/bx/n --> TU/LinuxBiolinumO(0)/bx/n on input li
ne 70.
LaTeX Font Info:    Overwriting math alphabet `\mathtt' in version `bold'
(Font)                  OT1/cmtt/m/n --> TU/lmtt/bx/n on input line 70.
\AtBeginShipoutBox=\box106
Package hyperref Info: Link coloring ON on input line 70.
(/usr/local/texlive/2019/texmf-dist/tex/latex/hyperref/nameref.sty
Package: nameref 2019/09/16 v2.46 Cross-referencing by name of section

(/usr/local/texlive/2019/texmf-dist/tex/latex/refcount/refcount.sty
Package: refcount 2019/12/15 v3.6 Data extraction from label references (HO)
)
(/usr/local/texlive/2019/texmf-dist/tex/generic/gettitlestring/gettitlestring.s
ty
Package: gettitlestring 2019/12/15 v1.6 Cleanup title references (HO)
)
\c@section@level=\count506
)
LaTeX Info: Redefining \ref on input line 70.
LaTeX Info: Redefining \pageref on input line 70.
LaTeX Info: Redefining \nameref on input line 70.
 (./20200501_Brinkerhoff_Advising.out) (./20200501_Brinkerhoff_Advising.out)
\@outlinefile=\write5
\openout5 = `20200501_Brinkerhoff_Advising.out'.

 ABD: EveryShipout initializing macros
(/usr/local/texlive/2019/texmf-dist/tex/generic/stringenc/se-ascii-print.def
File: se-ascii-print.def 2019/11/29 v1.12 stringenc: Printable ASCII characters

)
LaTeX Font Info:    Trying to load font information for U+msa on input line 121
.

(/usr/local/texlive/2019/texmf-dist/tex/latex/amsfonts/umsa.fd
File: umsa.fd 2013/01/14 v3.01 AMS symbols A
)
LaTeX Font Info:    Trying to load font information for U+msb on input line 121
.

(/usr/local/texlive/2019/texmf-dist/tex/latex/amsfonts/umsb.fd
File: umsb.fd 2013/01/14 v3.01 AMS symbols B
)
LaTeX Font Info:    Trying to load font information for U+wasy on input line 12
1.

(/usr/local/texlive/2019/texmf-dist/tex/latex/wasysym/uwasy.fd
File: uwasy.fd 2020/01/19 v2.4 Wasy-2 symbol font definitions
)

Package Fancyhdr Warning: \headheight is too small (12.0pt): 
Make it at least 14.49998pt.
We now make it that large for the rest of the document.
This may cause the page layout to be inconsistent, however.

[1

]
Overfull \hbox (0.60506pt too wide) in paragraph at lines 144--144
[]\TU/LinuxLibertineO(0)/m/n/12 It is claimed that shifted NIs are allowed to t
ake wide scope (i.e., sentential negation) whereas
 []

[2] [3]
Package atveryend Info: Empty hook `BeforeClearDocument' on input line 208.
Package atveryend Info: Empty hook `AfterLastShipout' on input line 208.
 (./20200501_Brinkerhoff_Advising.aux)
Package atveryend Info: Empty hook `AtVeryEndDocument' on input line 208.
Package atveryend Info: Executing hook `AtEndAfterFileList' on input line 208.
Package rerunfilecheck Info: File `20200501_Brinkerhoff_Advising.out' has not c
hanged.
(rerunfilecheck)             Checksum: FD3343AB64549A1CA3645B1CBD97E5E9;201.
Package logreq Info: Writing requests to '20200501_Brinkerhoff_Advising.run.xml
'.
\openout1 = `20200501_Brinkerhoff_Advising.run.xml'.

 ) 
Here is how much of TeX's memory you used:
 46984 strings out of 492472
 895871 string characters out of 6129298
 1430674 words of memory out of 5000000
 50796 multiletter control sequences out of 15000+600000
 539573 words of font info for 82 fonts, out of 8000000 for 9000
 1350 hyphenation exceptions out of 8191
 58i,11n,96p,1778b,5041s stack positions out of 5000i,500n,10000p,200000b,80000s

Output written on 20200501_Brinkerhoff_Advising.pdf (3 pages).
